INFO:  2024/07/02 20:04:40 c:/go/src/circle-fiber/app/pkg/delivery/middleware/logging-api-detail.go:37: 
{
    "hostname": "DANS-W20230097",
    "url": "/circle/order/get/bill/6afa9fcf-36db-4e3b-ade5-51a00a6a7923",
    "method": "GET",
    "headers": {
        "transaction-id": "P-1719925457-54dd7fba-76a2-4ea5-8020-959b2d9abe88",
        "api-key": "AshJ/v@!41",
        "channel-id": "CH001"
    },
    "request": {},
    "response": null,
    "message": null,
    "time_taken": "8.3615592s"
}
INFO:  2024/07/02 20:05:43 c:/go/src/circle-fiber/app/pkg/delivery/middleware/logging-api-detail.go:37: 
{
    "hostname": "DANS-W20230097",
    "url": "/circle/order/get/bill/6afa9fcf-36db-4e3b-ade5-51a00a6a7923",
    "method": "GET",
    "headers": {
        "transaction-id": "P-1719925509-4a628a0d-f22e-40b0-835d-c13ac214dcb2",
        "api-key": "AshJ/v@!41",
        "channel-id": "CH001"
    },
    "request": {},
    "response": null,
    "message": null,
    "time_taken": "33.9349889s"
}
INFO:  2024/07/02 20:09:37 c:/go/src/circle-fiber/lib/logger/logger.go:48: Circle new start!
INFO:  2024/07/02 21:08:17 c:/go/src/circle-fiber/lib/logger/logger.go:48: Circle new start!
INFO:  2024/07/02 21:10:26 c:/go/src/circle-fiber/lib/logger/logger.go:48: Circle new start!
INFO:  2024/07/02 21:11:52 c:/go/src/circle-fiber/lib/logger/logger.go:48: Circle new start!
INFO:  2024/07/02 21:12:36 c:/go/src/circle-fiber/lib/logger/logger.go:48: Circle new start!
INFO:  2024/07/02 21:14:43 c:/go/src/circle-fiber/lib/logger/logger.go:48: Circle new start!
INFO:  2024/07/02 21:19:29 c:/go/src/circle-fiber/lib/logger/logger.go:48: Circle new start!
INFO:  2024/07/02 21:19:54 c:/go/src/circle-fiber/app/pkg/delivery/middleware/logging-api-detail.go:39: 
{
    "hostname": "DANS-W20230097",
    "url": "/circle/order/get/bill/6afa9fcf-36db-4e3b-ade5-51a00a6a7923",
    "method": "GET",
    "headers": {
        "transaction-id": "P-1719929974-201a064c-c0e2-440e-8555-7223e53da99c",
        "api-key": "AshJ/v@!41",
        "channel-id": "CH001"
    },
    "request": {
        "path-params": [
            {
                "key": "id",
                "value": "6afa9fcf-36db-4e3b-ade5-51a00a6a7923"
            }
        ],
        "body": null
    },
    "response": {
        "transaction-id": "P-1719929974-201a064c-c0e2-440e-8555-7223e53da99c",
        "channel-id": "CH001",
        "status": {
            "code": 200,
            "message": "Success"
        },
        "data": {
            "bill": {
                "created-by": "Fitri",
                "order-main": {
                    "order-main-id": "6afa9fcf-36db-4e3b-ade5-51a00a6a7923",
                    "order-title": "order-test-1",
                    "total": 145000,
                    "additional-and-discounts": {
                        "additional": [
                            {
                                "additional-id": "34e5bbcc-0b0d-4b0b-9f62-7d09d71115fc",
                                "type": "Handling fee and delivery",
                                "cost": 15000
                            }
                        ],
                        "discounts": [
                            {
                                "discount-id": "1423347c-9482-40a3-a78b-a64e6c745aa6",
                                "type": "Discount regular",
                                "cost": 30000
                            },
                            {
                                "discount-id": "1b27ea48-c956-49f0-b97f-2f5557d5e3a7",
                                "type": "Discount plus",
                                "cost": 12000
                            }
                        ]
                    },
                    "total-payment": 118000
                },
                "order-users": [
                    {
                        "order-user-id": "1896a0fd-2cc8-4c76-9e5e-06a964c4c387",
                        "user-id": "b0c5bfe1-0e42-4f40-a8f2-549ae984a833",
                        "name": "user2",
                        "order-items": [
                            {
                                "order-user-item-id": "84cc5db6-4626-4f24-9925-8770be143e68",
                                "item": "item2",
                                "quantity": 2,
                                "price-per-item": 15000,
                                "total": 30000
                            },
                            {
                                "order-user-item-id": "a069d946-da08-401c-8b45-6c14f989d7ee",
                                "item": "item1",
                                "quantity": 1,
                                "price-per-item": 10000,
                                "total": 10000
                            }
                        ],
                        "total": 40000,
                        "part-of-order": 0.28,
                        "price-to-pay": 33040
                    },
                    {
                        "order-user-id": "8751aa7c-9ff4-4545-ad02-a13da950d25a",
                        "user-id": "84211121-d042-4e86-a509-7dcadfd08a29",
                        "name": "user1",
                        "order-items": [
                            {
                                "order-user-item-id": "dfd6533e-858b-4179-96ef-0538ce078ba4",
                                "item": "item1",
                                "quantity": 1,
                                "price-per-item": 5000,
                                "total": 5000
                            }
                        ],
                        "total": 5000,
                        "part-of-order": 0.03,
                        "price-to-pay": 3540
                    },
                    {
                        "order-user-id": "8d58790b-7834-42bf-bbd9-848920f5b9fe",
                        "user-id": "9aceb165-9d39-42be-9794-00738f1d7b83",
                        "name": "user3",
                        "order-items": [
                            {
                                "order-user-item-id": "58473edc-1c83-4509-ad28-19821ffdf2a7",
                                "item": "item2",
                                "quantity": 2,
                                "price-per-item": 15000,
                                "total": 30000
                            },
                            {
                                "order-user-item-id": "99e6f4f7-e11f-42cf-bd6e-84d230461b33",
                                "item": "item3",
                                "quantity": 3,
                                "price-per-item": 20000,
                                "total": 60000
                            },
                            {
                                "order-user-item-id": "e6cb4eed-a472-4630-bd13-4f2a146580f2",
                                "item": "item1",
                                "quantity": 1,
                                "price-per-item": 10000,
                                "total": 10000
                            }
                        ],
                        "total": 100000,
                        "part-of-order": 0.69,
                        "price-to-pay": 81420
                    }
                ]
            }
        }
    },
    "message": null,
    "time_taken": "19.9317809s"
}
INFO:  2024/07/02 21:21:53 c:/go/src/circle-fiber/app/pkg/delivery/middleware/logging-api-detail.go:39: 
{
    "hostname": "DANS-W20230097",
    "url": "/circle/order/update/6afa9fcf-36db-4e3b-ade5-51a00a6a7923",
    "method": "PUT",
    "headers": {
        "transaction-id": "P-1719930113-9f4e6647-9bfc-4b3e-a3d8-fe15d098852a",
        "api-key": "AshJ/v@!41",
        "channel-id": "CH001"
    },
    "request": {
        "path-params": [
            {
                "key": "id",
                "value": "6afa9fcf-36db-4e3b-ade5-51a00a6a7923"
            }
        ],
        "body": {
            "new_order_title": "New Order Title",
            "order_additional_costs": [
                {
                    "cost": 11000,
                    "id": "34e5bbcc-0b0d-4b0b-9f62-7d09d71115fc"
                }
            ],
            "order_discounts": [
                {
                    "cost": 50000,
                    "id": "1423347c-9482-40a3-a78b-a64e6c745aa6"
                }
            ],
            "order_user_items": [
                {
                    "id": "84cc5db6-4626-4f24-9925-8770be143e68",
                    "item": "New Item2",
                    "price_per_item": 7500,
                    "quantity": 5
                }
            ],
            "updated_by": "admin"
        }
    },
    "response": {
        "transaction-id": "P-1719930113-9f4e6647-9bfc-4b3e-a3d8-fe15d098852a",
        "channel-id": "CH001",
        "status": {
            "code": 200,
            "message": "Success"
        }
    },
    "message": null,
    "time_taken": "24.496ms"
}
INFO:  2024/07/02 21:23:08 c:/go/src/circle-fiber/app/pkg/delivery/middleware/logging-api-detail.go:39: 
{
    "hostname": "DANS-W20230097",
    "url": "/circle/order/get/bill/6afa9fcf-36db-4e3b-ade5-51a00a6a7923",
    "method": "GET",
    "headers": {
        "transaction-id": "P-1719930184-1f3806b5-c135-43b6-afb8-dd45f215f7be",
        "api-key": "AshJ/v@!41",
        "channel-id": "CH001"
    },
    "request": {
        "path-params": [
            {
                "key": "id",
                "value": "6afa9fcf-36db-4e3b-ade5-51a00a6a7923"
            }
        ],
        "body": null
    },
    "response": {
        "transaction-id": "P-1719930184-1f3806b5-c135-43b6-afb8-dd45f215f7be",
        "channel-id": "CH001",
        "status": {
            "code": 200,
            "message": "Success"
        },
        "data": {
            "bill": {
                "created-by": "Fitri",
                "order-main": {
                    "order-main-id": "6afa9fcf-36db-4e3b-ade5-51a00a6a7923",
                    "order-title": "New Order Title",
                    "total": 145000,
                    "additional-and-discounts": {
                        "additional": [
                            {
                                "additional-id": "34e5bbcc-0b0d-4b0b-9f62-7d09d71115fc",
                                "type": "",
                                "cost": 11000
                            }
                        ],
                        "discounts": [
                            {
                                "discount-id": "1423347c-9482-40a3-a78b-a64e6c745aa6",
                                "type": "",
                                "cost": 50000
                            },
                            {
                                "discount-id": "1b27ea48-c956-49f0-b97f-2f5557d5e3a7",
                                "type": "Discount plus",
                                "cost": 12000
                            }
                        ]
                    },
                    "total-payment": 118000
                },
                "order-users": [
                    {
                        "order-user-id": "1896a0fd-2cc8-4c76-9e5e-06a964c4c387",
                        "user-id": "b0c5bfe1-0e42-4f40-a8f2-549ae984a833",
                        "name": "user2",
                        "order-items": [
                            {
                                "order-user-item-id": "84cc5db6-4626-4f24-9925-8770be143e68",
                                "item": "New Item2",
                                "quantity": 5,
                                "price-per-item": 7500,
                                "total": 37500
                            },
                            {
                                "order-user-item-id": "a069d946-da08-401c-8b45-6c14f989d7ee",
                                "item": "item1",
                                "quantity": 1,
                                "price-per-item": 10000,
                                "total": 10000
                            }
                        ],
                        "total": 40000,
                        "part-of-order": 0.28,
                        "price-to-pay": 11200
                    },
                    {
                        "order-user-id": "8751aa7c-9ff4-4545-ad02-a13da950d25a",
                        "user-id": "84211121-d042-4e86-a509-7dcadfd08a29",
                        "name": "user1",
                        "order-items": [
                            {
                                "order-user-item-id": "dfd6533e-858b-4179-96ef-0538ce078ba4",
                                "item": "item1",
                                "quantity": 1,
                                "price-per-item": 5000,
                                "total": 5000
                            }
                        ],
                        "total": 5000,
                        "part-of-order": 0.03,
                        "price-to-pay": 150
                    },
                    {
                        "order-user-id": "8d58790b-7834-42bf-bbd9-848920f5b9fe",
                        "user-id": "9aceb165-9d39-42be-9794-00738f1d7b83",
                        "name": "user3",
                        "order-items": [
                            {
                                "order-user-item-id": "58473edc-1c83-4509-ad28-19821ffdf2a7",
                                "item": "item2",
                                "quantity": 2,
                                "price-per-item": 15000,
                                "total": 30000
                            },
                            {
                                "order-user-item-id": "99e6f4f7-e11f-42cf-bd6e-84d230461b33",
                                "item": "item3",
                                "quantity": 3,
                                "price-per-item": 20000,
                                "total": 60000
                            },
                            {
                                "order-user-item-id": "e6cb4eed-a472-4630-bd13-4f2a146580f2",
                                "item": "item1",
                                "quantity": 1,
                                "price-per-item": 10000,
                                "total": 10000
                            }
                        ],
                        "total": 100000,
                        "part-of-order": 0.69,
                        "price-to-pay": 69000
                    }
                ]
            }
        }
    },
    "message": null,
    "time_taken": "4.4067011s"
}
INFO:  2024/07/02 21:28:39 c:/go/src/circle-fiber/lib/logger/logger.go:48: Circle new start!
INFO:  2024/07/02 21:29:59 c:/go/src/circle-fiber/app/pkg/delivery/middleware/logging-api-detail.go:39: 
{
    "hostname": "DANS-W20230097",
    "url": "/circle/order/update/6afa9fcf-36db-4e3b-ade5-51a00a6a7923",
    "method": "PUT",
    "headers": {
        "transaction-id": "P-1719930556-007dca40-c3af-4030-90af-53a201dcadfc",
        "api-key": "AshJ/v@!41",
        "channel-id": "CH001"
    },
    "request": {
        "path-params": [
            {
                "key": "id",
                "value": "6afa9fcf-36db-4e3b-ade5-51a00a6a7923"
            }
        ],
        "body": {
            "new_order_title": "New Order Title",
            "order_additional_costs": [
                {
                    "cost": 11000,
                    "id": "34e5bbcc-0b0d-4b0b-9f62-7d09d71115fc"
                }
            ],
            "order_discounts": [
                {
                    "cost": 50000,
                    "id": "1423347c-9482-40a3-a78b-a64e6c745aa6"
                }
            ],
            "order_user_items": [
                {
                    "id": "84cc5db6-4626-4f24-9925-8770be143e68",
                    "item": "New Item2",
                    "price_per_item": 7500,
                    "quantity": 5
                }
            ],
            "updated_by": "admin"
        }
    },
    "response": {
        "transaction-id": "P-1719930556-007dca40-c3af-4030-90af-53a201dcadfc",
        "channel-id": "CH001",
        "status": {
            "code": 200,
            "message": "Success"
        }
    },
    "message": null,
    "time_taken": "42.8557885s"
}
INFO:  2024/07/02 21:30:10 c:/go/src/circle-fiber/app/pkg/delivery/middleware/logging-api-detail.go:39: 
{
    "hostname": "DANS-W20230097",
    "url": "/circle/order/get/bill/6afa9fcf-36db-4e3b-ade5-51a00a6a7923",
    "method": "GET",
    "headers": {
        "transaction-id": "P-1719930610-78c9d106-07a8-4cd0-89f9-c60826de7830",
        "api-key": "AshJ/v@!41",
        "channel-id": "CH001"
    },
    "request": {
        "path-params": [
            {
                "key": "id",
                "value": "6afa9fcf-36db-4e3b-ade5-51a00a6a7923"
            }
        ]
    },
    "response": {
        "transaction-id": "P-1719930610-78c9d106-07a8-4cd0-89f9-c60826de7830",
        "channel-id": "CH001",
        "status": {
            "code": 200,
            "message": "Success"
        },
        "data": {
            "bill": {
                "created-by": "Fitri",
                "order-main": {
                    "order-main-id": "6afa9fcf-36db-4e3b-ade5-51a00a6a7923",
                    "order-title": "New Order Title",
                    "total": 145000,
                    "additional-and-discounts": {
                        "additional": [
                            {
                                "additional-id": "34e5bbcc-0b0d-4b0b-9f62-7d09d71115fc",
                                "type": "",
                                "cost": 11000
                            }
                        ],
                        "discounts": [
                            {
                                "discount-id": "1423347c-9482-40a3-a78b-a64e6c745aa6",
                                "type": "",
                                "cost": 50000
                            },
                            {
                                "discount-id": "1b27ea48-c956-49f0-b97f-2f5557d5e3a7",
                                "type": "Discount plus",
                                "cost": 12000
                            }
                        ]
                    },
                    "total-payment": 101500
                },
                "order-users": [
                    {
                        "order-user-id": "1896a0fd-2cc8-4c76-9e5e-06a964c4c387",
                        "user-id": "b0c5bfe1-0e42-4f40-a8f2-549ae984a833",
                        "name": "user2",
                        "order-items": [
                            {
                                "order-user-item-id": "84cc5db6-4626-4f24-9925-8770be143e68",
                                "item": "New Item2",
                                "quantity": 5,
                                "price-per-item": 7500,
                                "total": 37500
                            },
                            {
                                "order-user-item-id": "a069d946-da08-401c-8b45-6c14f989d7ee",
                                "item": "item1",
                                "quantity": 1,
                                "price-per-item": 10000,
                                "total": 10000
                            }
                        ],
                        "total": 47500,
                        "part-of-order": 0.31,
                        "price-to-pay": 14725
                    },
                    {
                        "order-user-id": "8751aa7c-9ff4-4545-ad02-a13da950d25a",
                        "user-id": "84211121-d042-4e86-a509-7dcadfd08a29",
                        "name": "user1",
                        "order-items": [
                            {
                                "order-user-item-id": "dfd6533e-858b-4179-96ef-0538ce078ba4",
                                "item": "item1",
                                "quantity": 1,
                                "price-per-item": 5000,
                                "total": 5000
                            }
                        ],
                        "total": 5000,
                        "part-of-order": 0.03,
                        "price-to-pay": 150
                    },
                    {
                        "order-user-id": "8d58790b-7834-42bf-bbd9-848920f5b9fe",
                        "user-id": "9aceb165-9d39-42be-9794-00738f1d7b83",
                        "name": "user3",
                        "order-items": [
                            {
                                "order-user-item-id": "58473edc-1c83-4509-ad28-19821ffdf2a7",
                                "item": "item2",
                                "quantity": 2,
                                "price-per-item": 15000,
                                "total": 30000
                            },
                            {
                                "order-user-item-id": "99e6f4f7-e11f-42cf-bd6e-84d230461b33",
                                "item": "item3",
                                "quantity": 3,
                                "price-per-item": 20000,
                                "total": 60000
                            },
                            {
                                "order-user-item-id": "e6cb4eed-a472-4630-bd13-4f2a146580f2",
                                "item": "item1",
                                "quantity": 1,
                                "price-per-item": 10000,
                                "total": 10000
                            }
                        ],
                        "total": 100000,
                        "part-of-order": 0.66,
                        "price-to-pay": 66000
                    }
                ]
            }
        }
    },
    "message": null,
    "time_taken": "5.0928ms"
}
INFO:  2024/07/02 21:39:13 c:/go/src/circle-fiber/lib/logger/logger.go:48: Circle new start!
INFO:  2024/07/02 21:41:52 c:/go/src/circle-fiber/lib/logger/logger.go:48: Circle new start!
INFO:  2024/07/02 21:44:11 c:/go/src/circle-fiber/lib/logger/logger.go:48: Circle new start!
INFO:  2024/07/02 21:46:15 c:/go/src/circle-fiber/lib/logger/logger.go:48: Circle new start!
ERROR: 2024/07/02 21:46:18 c:/go/src/circle-fiber/app/pkg/delivery/middleware/logging-api-detail.go:35: 
{
    "hostname": "DANS-W20230097",
    "url": "/circle/order/update/6afa9fcf-36db-4e3b-ade5-51a00a6a7923",
    "method": "PUT",
    "headers": {
        "transaction-id": "P-1719931578-735a92fb-8972-4199-859d-6b08ef4d4ef4",
        "api-key": "AshJ/v@!41",
        "channel-id": "CH001"
    },
    "request": {
        "path-params": [
            {
                "key": "id",
                "value": "6afa9fcf-36db-4e3b-ade5-51a00a6a7923"
            }
        ],
        "body": {
            "new_order_title": "New Order Title",
            "order_additional_costs": [
                {
                    "cost": 11000,
                    "id": "34e5bbcc-0b0d-4b0b-9f62-7d09d71115fc"
                }
            ],
            "order_discounts": [
                {
                    "cost": 50000,
                    "id": "1423347c-9482-40a3-a78b-a64e6c745aa6"
                }
            ],
            "order_user_items": [
                {
                    "id": "84cc5db6-4626-4f24-9925-8770be143e68",
                    "item": "New Item2",
                    "price_per_item": 7500,
                    "quantity": 5
                }
            ],
            "updated_by": "admin"
        }
    },
    "response": {
        "transaction-id": "P-1719931578-735a92fb-8972-4199-859d-6b08ef4d4ef4",
        "channel-id": "CH001",
        "status": {
            "code": 500,
            "message": "Internal Server Error"
        }
    },
    "message": "[Service - Update Order] error at s.OrderUserItemRepo.UpdateOrderUserItem: Error 1054 (42S22): Unknown column 'id,omitempty' in 'field list'",
    "time_taken": "4.1587ms"
}
INFO:  2024/07/02 21:49:03 c:/go/src/circle-fiber/lib/logger/logger.go:48: Circle new start!
ERROR: 2024/07/02 21:49:09 c:/go/src/circle-fiber/app/pkg/delivery/middleware/logging-api-detail.go:35: 
{
    "hostname": "DANS-W20230097",
    "url": "/circle/order/update/6afa9fcf-36db-4e3b-ade5-51a00a6a7923",
    "method": "PUT",
    "headers": {
        "transaction-id": "P-1719931749-65d1b75d-2d68-46ff-9365-d0fb5d4a830a",
        "api-key": "AshJ/v@!41",
        "channel-id": "CH001"
    },
    "request": {
        "path-params": [
            {
                "key": "id",
                "value": "6afa9fcf-36db-4e3b-ade5-51a00a6a7923"
            }
        ],
        "body": {
            "new_order_title": "New Order Title",
            "order_additional_costs": [
                {
                    "cost": 11000,
                    "id": "34e5bbcc-0b0d-4b0b-9f62-7d09d71115fc"
                }
            ],
            "order_discounts": [
                {
                    "cost": 50000,
                    "id": "1423347c-9482-40a3-a78b-a64e6c745aa6"
                }
            ],
            "order_user_items": [
                {
                    "id": "84cc5db6-4626-4f24-9925-8770be143e68",
                    "item": "New Item2",
                    "price_per_item": 7500,
                    "quantity": 5
                }
            ],
            "updated_by": "admin"
        }
    },
    "response": {
        "transaction-id": "P-1719931749-65d1b75d-2d68-46ff-9365-d0fb5d4a830a",
        "channel-id": "CH001",
        "status": {
            "code": 500,
            "message": "Internal Server Error"
        }
    },
    "message": "[Service - Update Order] error at s.OrderUserItemRepo.UpdateOrderUserItem: Error 1054 (42S22): Unknown column 'id,omitempty' in 'field list'",
    "time_taken": "2.7314ms"
}
