INFO:  2024/07/03 04:21:16 c:/go/src/circle-fiber/lib/logger/logger.go:48: Circle new start!
ERROR: 2024/07/03 04:21:16 c:/go/src/circle-fiber/lib/connection/database/mysql.go:54: Failed to connect to MySQL! err: dial tcp 127.0.0.1:3306: connectex: No connection could be made because the target machine actively refused it.
INFO:  2024/07/03 04:23:02 c:/go/src/circle-fiber/lib/logger/logger.go:48: Circle new start!
INFO:  2024/07/03 04:23:34 c:/go/src/circle-fiber/app/pkg/delivery/middleware/logging-api-detail.go:37: 
{
    "hostname": "DANS-W20230097",
    "url": "/circle/login",
    "method": "POST",
    "headers": {
        "transaction-id": "P-1719955414-bacc5bb8-4be5-4954-be5e-27107a1975ef",
        "api-key": "AshJ/v@!41",
        "channel-id": "CH001"
    },
    "request": {
        "body": {
            "email": "bain@something.com",
            "password": "onetwothree"
        }
    },
    "response": {
        "transaction-id": "P-1719955414-bacc5bb8-4be5-4954-be5e-27107a1975ef",
        "channel-id": "CH001",
        "status": {
            "code": 200,
            "message": "Success"
        },
        "data": {
            "user-id": "d3c8fec0-63ae-4a03-82b3-b6796557ba42",
            "token": "eyJhbGciOiJIUzI1NiIsInR5cCI6IkpXVCJ9.eyJlbWFpbCI6ImJhaW5Ac29tZXRoaW5nLmNvbSIsImV4cCI6MTcyMDA0MTgxNCwiaWF0IjoxNzE5OTU1NDE0fQ.pUpHIzGW48k4veQW3V8Ru-zMUew2BaDh3af9SIM5uL8"
        }
    },
    "message": null,
    "time_taken": "9.5817089s"
}
INFO:  2024/07/03 04:27:48 c:/go/src/circle-fiber/app/pkg/delivery/middleware/logging-api-detail.go:37: 
{
    "hostname": "DANS-W20230097",
    "url": "/circle/order/update/6afa9fcf-36db-4e3b-ade5-51a00a6a7923",
    "method": "PUT",
    "headers": {
        "transaction-id": "P-1719955452-bc91372b-2264-4730-9c40-cf259e42ed0c",
        "api-key": "AshJ/v@!41",
        "channel-id": "CH001"
    },
    "request": {
        "path-params": [
            {
                "key": "id",
                "value": "6afa9fcf-36db-4e3b-ade5-51a00a6a7923"
            }
        ],
        "body": {
            "new_order_title": "New Order Title",
            "order_additional_costs": [
                {
                    "cost": 11000,
                    "id": "34e5bbcc-0b0d-4b0b-9f62-7d09d71115fc"
                }
            ],
            "order_discounts": [
                {
                    "cost": 50000,
                    "id": "1423347c-9482-40a3-a78b-a64e6c745aa6"
                }
            ],
            "order_user_items": [
                {
                    "id": "84cc5db6-4626-4f24-9925-8770be143e68",
                    "item": "New Item2",
                    "price_per_item": 7500,
                    "quantity": 5
                }
            ],
            "updated_by": "admin"
        }
    },
    "response": {
        "transaction-id": "P-1719955452-bc91372b-2264-4730-9c40-cf259e42ed0c",
        "channel-id": "CH001",
        "status": {
            "code": 200,
            "message": "Success"
        }
    },
    "message": null,
    "time_taken": "3m40.761885s"
}
INFO:  2024/07/03 04:32:05 c:/go/src/circle-fiber/lib/logger/logger.go:48: Circle new start!
INFO:  2024/07/03 04:34:53 c:/go/src/circle-fiber/app/pkg/delivery/middleware/logging-api-detail.go:37: 
{
    "hostname": "DANS-W20230097",
    "url": "/circle/order/update/6afa9fcf-36db-4e3b-ade5-51a00a6a7923",
    "method": "PUT",
    "headers": {
        "transaction-id": "P-1719956093-349904fc-af50-4b6c-b704-f1539845792f",
        "api-key": "AshJ/v@!41",
        "channel-id": "CH001"
    },
    "request": {
        "path-params": [
            {
                "key": "id",
                "value": "6afa9fcf-36db-4e3b-ade5-51a00a6a7923"
            }
        ],
        "body": {
            "new_order_title": "New Order Title",
            "order_additional_costs": [
                {
                    "cost": 11000,
                    "id": "34e5bbcc-0b0d-4b0b-9f62-7d09d71115fc",
                    "type": "Handle and Delivery Fee"
                }
            ],
            "order_discounts": [
                {
                    "cost": 50000,
                    "id": "1423347c-9482-40a3-a78b-a64e6c745aa6",
                    "type": "Discount Regular"
                }
            ],
            "order_user_items": [
                {
                    "id": "84cc5db6-4626-4f24-9925-8770be143e68",
                    "item": "New Item2",
                    "price_per_item": 7500,
                    "quantity": 5
                }
            ],
            "updated_by": "admin"
        }
    },
    "response": {
        "transaction-id": "P-1719956093-349904fc-af50-4b6c-b704-f1539845792f",
        "channel-id": "CH001",
        "status": {
            "code": 200,
            "message": "Success"
        }
    },
    "message": null,
    "time_taken": "21.6515ms"
}
INFO:  2024/07/03 04:35:53 c:/go/src/circle-fiber/app/pkg/delivery/middleware/logging-api-detail.go:37: 
{
    "hostname": "DANS-W20230097",
    "url": "/circle/order/update/6afa9fcf-36db-4e3b-ade5-51a00a6a7923",
    "method": "PUT",
    "headers": {
        "transaction-id": "P-1719956153-46deb8d9-18ba-4071-954f-24bd5974774c",
        "api-key": "AshJ/v@!41",
        "channel-id": "CH001"
    },
    "request": {
        "path-params": [
            {
                "key": "id",
                "value": "6afa9fcf-36db-4e3b-ade5-51a00a6a7923"
            }
        ],
        "body": {
            "new_order_title": "New Order Title",
            "order_additional_costs": [
                {
                    "cost": 11000,
                    "id": "34e5bbcc-0b0d-4b0b-9f62-7d09d71115fc",
                    "type": "Handle and Delivery Fee"
                }
            ],
            "order_discounts": [
                {
                    "cost": 50000,
                    "id": "1423347c-9482-40a3-a78b-a64e6c745aa6",
                    "type": "Discount Regular"
                }
            ],
            "order_user_items": [
                {
                    "id": "84cc5db6-4626-4f24-9925-8770be143e68",
                    "item": "New Item2",
                    "price_per_item": 7500,
                    "quantity": 5
                }
            ],
            "updated_by": "admin"
        }
    },
    "response": {
        "transaction-id": "P-1719956153-46deb8d9-18ba-4071-954f-24bd5974774c",
        "channel-id": "CH001",
        "status": {
            "code": 200,
            "message": "Success"
        }
    },
    "message": null,
    "time_taken": "20.6135ms"
}
INFO:  2024/07/03 04:45:53 c:/go/src/circle-fiber/lib/logger/logger.go:48: Circle new start!
INFO:  2024/07/03 04:46:36 c:/go/src/circle-fiber/lib/logger/logger.go:48: Circle new start!
INFO:  2024/07/03 04:51:09 c:/go/src/circle-fiber/lib/logger/logger.go:48: Circle new start!
INFO:  2024/07/03 04:51:22 c:/go/src/circle-fiber/app/pkg/delivery/middleware/logging-api-detail.go:37: 
{
    "hostname": "DANS-W20230097",
    "url": "/circle/order/update/6afa9fcf-36db-4e3b-ade5-51a00a6a7923",
    "method": "PUT",
    "headers": {
        "transaction-id": "P-1719957072-f21271a9-db89-4ac2-a08c-f88643a52bba",
        "api-key": "AshJ/v@!41",
        "channel-id": "CH001"
    },
    "request": {
        "path-params": [
            {
                "key": "id",
                "value": "6afa9fcf-36db-4e3b-ade5-51a00a6a7923"
            }
        ],
        "body": {
            "new_order_title": "New Order Title",
            "order_additional_costs": [
                {
                    "cost": 11000,
                    "id": "34e5bbcc-0b0d-4b0b-9f62-7d09d71115fc",
                    "type": "Handle and Delivery Fee"
                }
            ],
            "order_discounts": [
                {
                    "cost": 50000,
                    "id": "1423347c-9482-40a3-a78b-a64e6c745aa6",
                    "type": "Discount Regular"
                }
            ],
            "order_user_items": [
                {
                    "id": "84cc5db6-4626-4f24-9925-8770be143e68",
                    "item": "New Item2",
                    "price_per_item": 7500,
                    "quantity": 5
                }
            ],
            "updated_by": "admin"
        }
    },
    "response": {
        "transaction-id": "P-1719957072-f21271a9-db89-4ac2-a08c-f88643a52bba",
        "channel-id": "CH001",
        "status": {
            "code": 200,
            "message": "Success"
        }
    },
    "message": null,
    "time_taken": "10.1950882s"
}
ERROR: 2024/07/03 04:51:33 c:/go/src/circle-fiber/app/pkg/delivery/middleware/logging-api-detail.go:35: 
{
    "hostname": "DANS-W20230097",
    "url": "/circle/order/get/bill/16c06642-7c7f-452e-9837-bf7a43eabef7",
    "method": "GET",
    "headers": {
        "transaction-id": "P-1719957093-d1fd785b-3892-419e-a620-a03f962b8361",
        "api-key": "AshJ/v@!41",
        "channel-id": "CH001"
    },
    "request": {
        "path-params": [
            {
                "key": "id",
                "value": "16c06642-7c7f-452e-9837-bf7a43eabef7"
            }
        ]
    },
    "response": {
        "transaction-id": "P-1719957093-d1fd785b-3892-419e-a620-a03f962b8361",
        "channel-id": "CH001",
        "status": {
            "code": 500,
            "message": "Internal Server Error"
        }
    },
    "message": "[Service - GetBill] error at s.OrderMainRepo.GetOrderByID: Resource order not found",
    "time_taken": "5.8723ms"
}
ERROR: 2024/07/03 04:52:54 c:/go/src/circle-fiber/app/pkg/delivery/middleware/logging-api-detail.go:35: {"hostname":"DANS-W20230097","url":"/circle/order/get/bill/16c06642-7c7f-452e-9837-bf7a43eabef7","method":"GET","headers":{"transaction-id":"P-1719957157-9823f24b-ff0d-49bd-b58b-2d3dd4d26b12","api-key":"AshJ/v@!41","channel-id":"CH001"},"request":{"path-params":[{"key":"id","value":"16c06642-7c7f-452e-9837-bf7a43eabef7"}]},"response":{"transaction-id":"P-1719957157-9823f24b-ff0d-49bd-b58b-2d3dd4d26b12","channel-id":"CH001","status":{"code":500,"message":"Internal Server Error"}},"message":"[Service - GetBill] error at s.OrderMainRepo.GetOrderByID: Resource order not found","time_taken":"16.9012754s"}
INFO:  2024/07/03 04:53:43 c:/go/src/circle-fiber/app/pkg/delivery/middleware/logging-api-detail.go:37: {"hostname":"DANS-W20230097","url":"/circle/order/get/bill/6afa9fcf-36db-4e3b-ade5-51a00a6a7923","method":"GET","headers":{"transaction-id":"P-1719957211-c3980043-1212-43ef-8528-4807ff1823f0","api-key":"AshJ/v@!41","channel-id":"CH001"},"request":{"path-params":[{"key":"id","value":"6afa9fcf-36db-4e3b-ade5-51a00a6a7923"}]},"response":{"transaction-id":"P-1719957211-c3980043-1212-43ef-8528-4807ff1823f0","channel-id":"CH001","status":{"code":200,"message":"Success"},"data":{"bill":{"created-by":"Fitri","order-main":{"order-main-id":"6afa9fcf-36db-4e3b-ade5-51a00a6a7923","order-title":"New Order Title","total":152500,"additional-and-discounts":{"additional":[{"additional-id":"34e5bbcc-0b0d-4b0b-9f62-7d09d71115fc","type":"Handle and Delivery Fee","cost":11000}],"discounts":[{"discount-id":"1423347c-9482-40a3-a78b-a64e6c745aa6","type":"Discount Regular","cost":50000},{"discount-id":"1b27ea48-c956-49f0-b97f-2f5557d5e3a7","type":"Discount plus","cost":12000}]},"total-payment":101500},"order-users":[{"order-user-id":"1896a0fd-2cc8-4c76-9e5e-06a964c4c387","user-id":"b0c5bfe1-0e42-4f40-a8f2-549ae984a833","name":"user2","order-items":[{"order-user-item-id":"84cc5db6-4626-4f24-9925-8770be143e68","item":"New Item2","quantity":5,"price-per-item":7500,"total":37500},{"order-user-item-id":"a069d946-da08-401c-8b45-6c14f989d7ee","item":"item1","quantity":1,"price-per-item":10000,"total":10000}],"total":47500,"part-of-order":0.31,"price-to-pay":31465},{"order-user-id":"8751aa7c-9ff4-4545-ad02-a13da950d25a","user-id":"84211121-d042-4e86-a509-7dcadfd08a29","name":"user1","order-items":[{"order-user-item-id":"dfd6533e-858b-4179-96ef-0538ce078ba4","item":"item1","quantity":1,"price-per-item":5000,"total":5000}],"total":5000,"part-of-order":0.03,"price-to-pay":3045},{"order-user-id":"8d58790b-7834-42bf-bbd9-848920f5b9fe","user-id":"9aceb165-9d39-42be-9794-00738f1d7b83","name":"user3","order-items":[{"order-user-item-id":"58473edc-1c83-4509-ad28-19821ffdf2a7","item":"item2","quantity":2,"price-per-item":15000,"total":30000},{"order-user-item-id":"99e6f4f7-e11f-42cf-bd6e-84d230461b33","item":"item3","quantity":3,"price-per-item":20000,"total":60000},{"order-user-item-id":"e6cb4eed-a472-4630-bd13-4f2a146580f2","item":"item1","quantity":1,"price-per-item":10000,"total":10000}],"total":100000,"part-of-order":0.66,"price-to-pay":66990}]}}},"message":null,"time_taken":"11.9289368s"}
INFO:  2024/07/03 04:55:28 c:/go/src/circle-fiber/app/pkg/delivery/middleware/logging-api-detail.go:37: {"hostname":"DANS-W20230097","url":"/circle/order/update/6afa9fcf-36db-4e3b-ade5-51a00a6a7923","method":"PUT","headers":{"transaction-id":"P-1719957274-ea9086a3-74e9-41c6-ae72-b72f91892dc7","api-key":"AshJ/v@!41","channel-id":"CH001"},"request":{"path-params":[{"key":"id","value":"6afa9fcf-36db-4e3b-ade5-51a00a6a7923"}],"body":{"new_order_title":"New Order Title","order_additional_costs":[{"cost":11000,"id":"34e5bbcc-0b0d-4b0b-9f62-7d09d71115fc","type":"Handle and Delivery Fee"}],"order_discounts":[{"cost":40000,"id":"1423347c-9482-40a3-a78b-a64e6c745aa6","type":"Discount Regular"}],"order_user_items":[{"id":"84cc5db6-4626-4f24-9925-8770be143e68","item":"New Item2","price_per_item":7500,"quantity":5}],"updated_by":"admin"}},"response":{"transaction-id":"P-1719957274-ea9086a3-74e9-41c6-ae72-b72f91892dc7","channel-id":"CH001","status":{"code":200,"message":"Success"}},"message":null,"time_taken":"54.7199382s"}
INFO:  2024/07/03 04:55:37 c:/go/src/circle-fiber/app/pkg/delivery/middleware/logging-api-detail.go:37: {"hostname":"DANS-W20230097","url":"/circle/order/get/bill/6afa9fcf-36db-4e3b-ade5-51a00a6a7923","method":"GET","headers":{"transaction-id":"P-1719957337-33b8bae1-2b37-4ffe-b3b1-c92c16b876fc","api-key":"AshJ/v@!41","channel-id":"CH001"},"request":{"path-params":[{"key":"id","value":"6afa9fcf-36db-4e3b-ade5-51a00a6a7923"}]},"response":{"transaction-id":"P-1719957337-33b8bae1-2b37-4ffe-b3b1-c92c16b876fc","channel-id":"CH001","status":{"code":200,"message":"Success"},"data":{"bill":{"created-by":"Fitri","order-main":{"order-main-id":"6afa9fcf-36db-4e3b-ade5-51a00a6a7923","order-title":"New Order Title","total":152500,"additional-and-discounts":{"additional":[{"additional-id":"34e5bbcc-0b0d-4b0b-9f62-7d09d71115fc","type":"Handle and Delivery Fee","cost":11000}],"discounts":[{"discount-id":"1423347c-9482-40a3-a78b-a64e6c745aa6","type":"Discount Regular","cost":50000},{"discount-id":"1b27ea48-c956-49f0-b97f-2f5557d5e3a7","type":"Discount plus","cost":12000}]},"total-payment":101500},"order-users":[{"order-user-id":"1896a0fd-2cc8-4c76-9e5e-06a964c4c387","user-id":"b0c5bfe1-0e42-4f40-a8f2-549ae984a833","name":"user2","order-items":[{"order-user-item-id":"84cc5db6-4626-4f24-9925-8770be143e68","item":"New Item2","quantity":5,"price-per-item":7500,"total":37500},{"order-user-item-id":"a069d946-da08-401c-8b45-6c14f989d7ee","item":"item1","quantity":1,"price-per-item":10000,"total":10000}],"total":47500,"part-of-order":0.31,"price-to-pay":31465},{"order-user-id":"8751aa7c-9ff4-4545-ad02-a13da950d25a","user-id":"84211121-d042-4e86-a509-7dcadfd08a29","name":"user1","order-items":[{"order-user-item-id":"dfd6533e-858b-4179-96ef-0538ce078ba4","item":"item1","quantity":1,"price-per-item":5000,"total":5000}],"total":5000,"part-of-order":0.03,"price-to-pay":3045},{"order-user-id":"8d58790b-7834-42bf-bbd9-848920f5b9fe","user-id":"9aceb165-9d39-42be-9794-00738f1d7b83","name":"user3","order-items":[{"order-user-item-id":"58473edc-1c83-4509-ad28-19821ffdf2a7","item":"item2","quantity":2,"price-per-item":15000,"total":30000},{"order-user-item-id":"99e6f4f7-e11f-42cf-bd6e-84d230461b33","item":"item3","quantity":3,"price-per-item":20000,"total":60000},{"order-user-item-id":"e6cb4eed-a472-4630-bd13-4f2a146580f2","item":"item1","quantity":1,"price-per-item":10000,"total":10000}],"total":100000,"part-of-order":0.66,"price-to-pay":66990}]}}},"message":null,"time_taken":"8.4389ms"}
INFO:  2024/07/03 04:57:48 c:/go/src/circle-fiber/lib/logger/logger.go:48: Circle new start!
INFO:  2024/07/03 04:58:00 c:/go/src/circle-fiber/app/pkg/delivery/middleware/logging-api-detail.go:37: {"hostname":"DANS-W20230097","url":"/circle/order/update/6afa9fcf-36db-4e3b-ade5-51a00a6a7923","method":"PUT","headers":{"transaction-id":"P-1719957480-bdc633f0-ef73-4640-9669-264a0b5a0f16","api-key":"AshJ/v@!41","channel-id":"CH001"},"request":{"path-params":[{"key":"id","value":"6afa9fcf-36db-4e3b-ade5-51a00a6a7923"}],"body":{"new_order_title":"New Order Title","order_additional_costs":[{"cost":11000,"id":"34e5bbcc-0b0d-4b0b-9f62-7d09d71115fc","type":"Handle and Delivery Fee"}],"order_discounts":[{"cost":40000,"id":"1423347c-9482-40a3-a78b-a64e6c745aa6","type":"Discount Regular"}],"order_user_items":[{"id":"84cc5db6-4626-4f24-9925-8770be143e68","item":"New Item2","price_per_item":7500,"quantity":5}],"updated_by":"admin"}},"response":{"transaction-id":"P-1719957480-bdc633f0-ef73-4640-9669-264a0b5a0f16","channel-id":"CH001","status":{"code":200,"message":"Success"}},"message":null,"time_taken":"19.264ms"}
INFO:  2024/07/03 04:58:03 c:/go/src/circle-fiber/app/pkg/delivery/middleware/logging-api-detail.go:37: {"hostname":"DANS-W20230097","url":"/circle/order/get/bill/6afa9fcf-36db-4e3b-ade5-51a00a6a7923","method":"GET","headers":{"transaction-id":"P-1719957483-7b6c8d85-f669-4e26-bae2-98e80bff4d61","api-key":"AshJ/v@!41","channel-id":"CH001"},"request":{"path-params":[{"key":"id","value":"6afa9fcf-36db-4e3b-ade5-51a00a6a7923"}]},"response":{"transaction-id":"P-1719957483-7b6c8d85-f669-4e26-bae2-98e80bff4d61","channel-id":"CH001","status":{"code":200,"message":"Success"},"data":{"bill":{"created-by":"Fitri","order-main":{"order-main-id":"6afa9fcf-36db-4e3b-ade5-51a00a6a7923","order-title":"New Order Title","total":152500,"additional-and-discounts":{"additional":[{"additional-id":"34e5bbcc-0b0d-4b0b-9f62-7d09d71115fc","type":"Handle and Delivery Fee","cost":11000}],"discounts":[{"discount-id":"1423347c-9482-40a3-a78b-a64e6c745aa6","type":"Discount Regular","cost":40000},{"discount-id":"1b27ea48-c956-49f0-b97f-2f5557d5e3a7","type":"Discount plus","cost":12000}]},"total-payment":111500},"order-users":[{"order-user-id":"1896a0fd-2cc8-4c76-9e5e-06a964c4c387","user-id":"b0c5bfe1-0e42-4f40-a8f2-549ae984a833","name":"user2","order-items":[{"order-user-item-id":"84cc5db6-4626-4f24-9925-8770be143e68","item":"New Item2","quantity":5,"price-per-item":7500,"total":37500},{"order-user-item-id":"a069d946-da08-401c-8b45-6c14f989d7ee","item":"item1","quantity":1,"price-per-item":10000,"total":10000}],"total":47500,"part-of-order":0.31,"price-to-pay":34565},{"order-user-id":"8751aa7c-9ff4-4545-ad02-a13da950d25a","user-id":"84211121-d042-4e86-a509-7dcadfd08a29","name":"user1","order-items":[{"order-user-item-id":"dfd6533e-858b-4179-96ef-0538ce078ba4","item":"item1","quantity":1,"price-per-item":5000,"total":5000}],"total":5000,"part-of-order":0.03,"price-to-pay":3345},{"order-user-id":"8d58790b-7834-42bf-bbd9-848920f5b9fe","user-id":"9aceb165-9d39-42be-9794-00738f1d7b83","name":"user3","order-items":[{"order-user-item-id":"58473edc-1c83-4509-ad28-19821ffdf2a7","item":"item2","quantity":2,"price-per-item":15000,"total":30000},{"order-user-item-id":"99e6f4f7-e11f-42cf-bd6e-84d230461b33","item":"item3","quantity":3,"price-per-item":20000,"total":60000},{"order-user-item-id":"e6cb4eed-a472-4630-bd13-4f2a146580f2","item":"item1","quantity":1,"price-per-item":10000,"total":10000}],"total":100000,"part-of-order":0.66,"price-to-pay":73590}]}}},"message":null,"time_taken":"8.1754ms"}
INFO:  2024/07/03 04:58:58 c:/go/src/circle-fiber/app/pkg/delivery/middleware/logging-api-detail.go:37: {"hostname":"DANS-W20230097","url":"/circle/order/update/6afa9fcf-36db-4e3b-ade5-51a00a6a7923","method":"PUT","headers":{"transaction-id":"P-1719957538-f4a69042-b302-4fa8-8324-5ef5134c5709","api-key":"AshJ/v@!41","channel-id":"CH001"},"request":{"path-params":[{"key":"id","value":"6afa9fcf-36db-4e3b-ade5-51a00a6a7923"}],"body":{"new_order_title":"New Order Title","order_additional_costs":[{"cost":11000,"id":"34e5bbcc-0b0d-4b0b-9f62-7d09d71115fc","type":"Handle and Delivery Fee"}],"order_discounts":[{"cost":30000,"id":"1423347c-9482-40a3-a78b-a64e6c745aa6","type":"Discount Regular"}],"order_user_items":[{"id":"84cc5db6-4626-4f24-9925-8770be143e68","item":"New Item2","price_per_item":7500,"quantity":5}],"updated_by":"admin"}},"response":{"transaction-id":"P-1719957538-f4a69042-b302-4fa8-8324-5ef5134c5709","channel-id":"CH001","status":{"code":200,"message":"Success"}},"message":null,"time_taken":"7.8095ms"}
INFO:  2024/07/03 04:59:05 c:/go/src/circle-fiber/app/pkg/delivery/middleware/logging-api-detail.go:37: {"hostname":"DANS-W20230097","url":"/circle/order/get/bill/6afa9fcf-36db-4e3b-ade5-51a00a6a7923","method":"GET","headers":{"transaction-id":"P-1719957545-0deadad0-b484-4717-8475-1773587f1fa3","api-key":"AshJ/v@!41","channel-id":"CH001"},"request":{"path-params":[{"key":"id","value":"6afa9fcf-36db-4e3b-ade5-51a00a6a7923"}]},"response":{"transaction-id":"P-1719957545-0deadad0-b484-4717-8475-1773587f1fa3","channel-id":"CH001","status":{"code":200,"message":"Success"},"data":{"bill":{"created-by":"Fitri","order-main":{"order-main-id":"6afa9fcf-36db-4e3b-ade5-51a00a6a7923","order-title":"New Order Title","total":152500,"additional-and-discounts":{"additional":[{"additional-id":"34e5bbcc-0b0d-4b0b-9f62-7d09d71115fc","type":"Handle and Delivery Fee","cost":11000}],"discounts":[{"discount-id":"1423347c-9482-40a3-a78b-a64e6c745aa6","type":"Discount Regular","cost":30000},{"discount-id":"1b27ea48-c956-49f0-b97f-2f5557d5e3a7","type":"Discount plus","cost":12000}]},"total-payment":111500},"order-users":[{"order-user-id":"1896a0fd-2cc8-4c76-9e5e-06a964c4c387","user-id":"b0c5bfe1-0e42-4f40-a8f2-549ae984a833","name":"user2","order-items":[{"order-user-item-id":"84cc5db6-4626-4f24-9925-8770be143e68","item":"New Item2","quantity":5,"price-per-item":7500,"total":37500},{"order-user-item-id":"a069d946-da08-401c-8b45-6c14f989d7ee","item":"item1","quantity":1,"price-per-item":10000,"total":10000}],"total":47500,"part-of-order":0.31,"price-to-pay":34565},{"order-user-id":"8751aa7c-9ff4-4545-ad02-a13da950d25a","user-id":"84211121-d042-4e86-a509-7dcadfd08a29","name":"user1","order-items":[{"order-user-item-id":"dfd6533e-858b-4179-96ef-0538ce078ba4","item":"item1","quantity":1,"price-per-item":5000,"total":5000}],"total":5000,"part-of-order":0.03,"price-to-pay":3345},{"order-user-id":"8d58790b-7834-42bf-bbd9-848920f5b9fe","user-id":"9aceb165-9d39-42be-9794-00738f1d7b83","name":"user3","order-items":[{"order-user-item-id":"58473edc-1c83-4509-ad28-19821ffdf2a7","item":"item2","quantity":2,"price-per-item":15000,"total":30000},{"order-user-item-id":"99e6f4f7-e11f-42cf-bd6e-84d230461b33","item":"item3","quantity":3,"price-per-item":20000,"total":60000},{"order-user-item-id":"e6cb4eed-a472-4630-bd13-4f2a146580f2","item":"item1","quantity":1,"price-per-item":10000,"total":10000}],"total":100000,"part-of-order":0.66,"price-to-pay":73590}]}}},"message":null,"time_taken":"7.058ms"}
INFO:  2024/07/03 05:29:05 c:/go/src/circle-fiber/lib/logger/logger.go:48: Circle new start!
INFO:  2024/07/03 05:33:09 c:/go/src/circle-fiber/app/pkg/delivery/middleware/logging-api-detail.go:37: {"hostname":"DANS-W20230097","url":"/circle/order/update/6afa9fcf-36db-4e3b-ade5-51a00a6a7923","method":"PUT","headers":{"transaction-id":"P-1719959378-ea766097-d4a7-4e80-a879-04be3f53b585","api-key":"AshJ/v@!41","channel-id":"CH001"},"request":{"path-params":[{"key":"id","value":"6afa9fcf-36db-4e3b-ade5-51a00a6a7923"}],"body":{"new_order_title":"New Order Title","order_additional_costs":[{"cost":11000,"id":"34e5bbcc-0b0d-4b0b-9f62-7d09d71115fc","type":"Handle and Delivery Fee"}],"order_discounts":[{"cost":70000,"id":"1423347c-9482-40a3-a78b-a64e6c745aa6","type":"Discount Regular"}],"order_user_items":[{"id":"84cc5db6-4626-4f24-9925-8770be143e68","item":"New Item2","price_per_item":7500,"quantity":5}],"updated_by":"admin"}},"response":{"transaction-id":"P-1719959378-ea766097-d4a7-4e80-a879-04be3f53b585","channel-id":"CH001","status":{"code":200,"message":"Success"}},"message":null,"time_taken":"3m31.0501489s"}
ERROR: 2024/07/03 05:33:19 c:/go/src/circle-fiber/app/pkg/delivery/middleware/logging-api-detail.go:35: {"hostname":"DANS-W20230097","url":"/circle/order/get/bill/user","method":"POST","headers":{"transaction-id":"P-1719959599-86579a9f-ca14-4825-a8eb-2bc0ee63197e","api-key":"AshJ/v@!41","channel-id":"CH001"},"request":{"body":{"order-main-id":"d42b3eca-2f5a-467a-bd7c-92b46d0be198","user-id":"34ddd931-38bc-4f3f-8de3-7fa208b585bb"}},"response":{"transaction-id":"P-1719959599-86579a9f-ca14-4825-a8eb-2bc0ee63197e","channel-id":"CH001","status":{"code":400,"message":"You must have an account to create order"}},"message":"You must have an account to create order","time_taken":"2.0032ms"}
INFO:  2024/07/03 05:33:27 c:/go/src/circle-fiber/app/pkg/delivery/middleware/logging-api-detail.go:37: {"hostname":"DANS-W20230097","url":"/circle/order/get/bill/6afa9fcf-36db-4e3b-ade5-51a00a6a7923","method":"GET","headers":{"transaction-id":"P-1719959607-44f8c43f-6b57-4d1e-890f-80bd244e4a64","api-key":"AshJ/v@!41","channel-id":"CH001"},"request":{"path-params":[{"key":"id","value":"6afa9fcf-36db-4e3b-ade5-51a00a6a7923"}]},"response":{"transaction-id":"P-1719959607-44f8c43f-6b57-4d1e-890f-80bd244e4a64","channel-id":"CH001","status":{"code":200,"message":"Success"},"data":{"bill":{"created-by":"Fitri","order-main":{"order-main-id":"6afa9fcf-36db-4e3b-ade5-51a00a6a7923","order-title":"New Order Title","total":152500,"additional-and-discounts":{"additional":[{"additional-id":"34e5bbcc-0b0d-4b0b-9f62-7d09d71115fc","type":"Handle and Delivery Fee","cost":11000}],"discounts":[{"discount-id":"1423347c-9482-40a3-a78b-a64e6c745aa6","type":"Discount Regular","cost":70000},{"discount-id":"1b27ea48-c956-49f0-b97f-2f5557d5e3a7","type":"Discount plus","cost":12000}]},"total-payment":81500},"order-users":[{"order-user-id":"1896a0fd-2cc8-4c76-9e5e-06a964c4c387","user-id":"b0c5bfe1-0e42-4f40-a8f2-549ae984a833","name":"user2","order-items":[{"order-user-item-id":"84cc5db6-4626-4f24-9925-8770be143e68","item":"New Item2","quantity":5,"price-per-item":7500,"total":37500},{"order-user-item-id":"a069d946-da08-401c-8b45-6c14f989d7ee","item":"item1","quantity":1,"price-per-item":10000,"total":10000}],"total":47500,"part-of-order":0.31,"price-to-pay":25265},{"order-user-id":"8751aa7c-9ff4-4545-ad02-a13da950d25a","user-id":"84211121-d042-4e86-a509-7dcadfd08a29","name":"user1","order-items":[{"order-user-item-id":"dfd6533e-858b-4179-96ef-0538ce078ba4","item":"item1","quantity":1,"price-per-item":5000,"total":5000}],"total":5000,"part-of-order":0.03,"price-to-pay":2445},{"order-user-id":"8d58790b-7834-42bf-bbd9-848920f5b9fe","user-id":"9aceb165-9d39-42be-9794-00738f1d7b83","name":"user3","order-items":[{"order-user-item-id":"58473edc-1c83-4509-ad28-19821ffdf2a7","item":"item2","quantity":2,"price-per-item":15000,"total":30000},{"order-user-item-id":"99e6f4f7-e11f-42cf-bd6e-84d230461b33","item":"item3","quantity":3,"price-per-item":20000,"total":60000},{"order-user-item-id":"e6cb4eed-a472-4630-bd13-4f2a146580f2","item":"item1","quantity":1,"price-per-item":10000,"total":10000}],"total":100000,"part-of-order":0.66,"price-to-pay":53790}]}}},"message":null,"time_taken":"15.0929ms"}
INFO:  2024/07/03 05:40:29 c:/go/src/circle-fiber/lib/logger/logger.go:48: Circle new start!
INFO:  2024/07/03 05:40:38 c:/go/src/circle-fiber/app/pkg/delivery/middleware/logging-api-detail.go:37: {"hostname":"DANS-W20230097","url":"/circle/order/get/bill/6afa9fcf-36db-4e3b-ade5-51a00a6a7923","method":"GET","headers":{"transaction-id":"P-1719960038-0dff199e-da85-4b2a-bf37-1697280e1548","api-key":"AshJ/v@!41","channel-id":"CH001"},"request":{"path-params":[{"key":"id","value":"6afa9fcf-36db-4e3b-ade5-51a00a6a7923"}]},"response":{"transaction-id":"P-1719960038-0dff199e-da85-4b2a-bf37-1697280e1548","channel-id":"CH001","status":{"code":200,"message":"Success"},"data":{"bill":{"created-by":"Fitri","order-main":{"order-main-id":"6afa9fcf-36db-4e3b-ade5-51a00a6a7923","order-title":"New Order Title","total":152500,"additional-and-discounts":{"additional":[{"additional-id":"34e5bbcc-0b0d-4b0b-9f62-7d09d71115fc","type":"Handle and Delivery Fee","cost":11000}],"discounts":[{"discount-id":"1423347c-9482-40a3-a78b-a64e6c745aa6","type":"Discount Regular","cost":70000},{"discount-id":"1b27ea48-c956-49f0-b97f-2f5557d5e3a7","type":"Discount plus","cost":12000}]},"total-payment":81500},"order-users":[{"order-user-id":"1896a0fd-2cc8-4c76-9e5e-06a964c4c387","user-id":"b0c5bfe1-0e42-4f40-a8f2-549ae984a833","name":"user2","order-items":[{"order-user-item-id":"84cc5db6-4626-4f24-9925-8770be143e68","item":"New Item2","quantity":5,"price-per-item":7500,"total":37500},{"order-user-item-id":"a069d946-da08-401c-8b45-6c14f989d7ee","item":"item1","quantity":1,"price-per-item":10000,"total":10000}],"total":47500,"part-of-order":0.31,"price-to-pay":25265},{"order-user-id":"8751aa7c-9ff4-4545-ad02-a13da950d25a","user-id":"84211121-d042-4e86-a509-7dcadfd08a29","name":"user1","order-items":[{"order-user-item-id":"dfd6533e-858b-4179-96ef-0538ce078ba4","item":"item1","quantity":1,"price-per-item":5000,"total":5000}],"total":5000,"part-of-order":0.03,"price-to-pay":2445},{"order-user-id":"8d58790b-7834-42bf-bbd9-848920f5b9fe","user-id":"9aceb165-9d39-42be-9794-00738f1d7b83","name":"user3","order-items":[{"order-user-item-id":"58473edc-1c83-4509-ad28-19821ffdf2a7","item":"item2","quantity":2,"price-per-item":15000,"total":30000},{"order-user-item-id":"99e6f4f7-e11f-42cf-bd6e-84d230461b33","item":"item3","quantity":3,"price-per-item":20000,"total":60000},{"order-user-item-id":"e6cb4eed-a472-4630-bd13-4f2a146580f2","item":"item1","quantity":1,"price-per-item":10000,"total":10000}],"total":100000,"part-of-order":0.66,"price-to-pay":53790}]}}},"message":null,"time_taken":"4.4387ms"}
INFO:  2024/07/03 05:41:23 c:/go/src/circle-fiber/app/pkg/delivery/middleware/logging-api-detail.go:37: {"hostname":"DANS-W20230097","url":"/circle/order/get/bill/6afa9fcf-36db-4e3b-ade5-51a00a6a7923","method":"GET","headers":{"transaction-id":"P-1719960083-2eb7fa03-8e87-43c8-9f70-9213e406c8db","api-key":"AshJ/v@!41","channel-id":"CH001"},"request":{"path-params":[{"key":"id","value":"6afa9fcf-36db-4e3b-ade5-51a00a6a7923"}]},"response":{"transaction-id":"P-1719960083-2eb7fa03-8e87-43c8-9f70-9213e406c8db","channel-id":"CH001","status":{"code":200,"message":"Success"},"data":{"bill":{"created-by":"Fitri","order-main":{"order-main-id":"6afa9fcf-36db-4e3b-ade5-51a00a6a7923","order-title":"New Order Title","total":152500,"additional-and-discounts":{"additional":[{"additional-id":"34e5bbcc-0b0d-4b0b-9f62-7d09d71115fc","type":"Handle and Delivery Fee","cost":11000}],"discounts":[{"discount-id":"1423347c-9482-40a3-a78b-a64e6c745aa6","type":"Discount Regular","cost":70000},{"discount-id":"1b27ea48-c956-49f0-b97f-2f5557d5e3a7","type":"Discount plus","cost":12000}]},"total-payment":81500},"order-users":[{"order-user-id":"1896a0fd-2cc8-4c76-9e5e-06a964c4c387","user-id":"b0c5bfe1-0e42-4f40-a8f2-549ae984a833","name":"user2","order-items":[{"order-user-item-id":"84cc5db6-4626-4f24-9925-8770be143e68","item":"New Item2","quantity":5,"price-per-item":7500,"total":37500},{"order-user-item-id":"a069d946-da08-401c-8b45-6c14f989d7ee","item":"item1","quantity":1,"price-per-item":10000,"total":10000}],"total":47500,"part-of-order":0.31,"price-to-pay":25265},{"order-user-id":"8751aa7c-9ff4-4545-ad02-a13da950d25a","user-id":"84211121-d042-4e86-a509-7dcadfd08a29","name":"user1","order-items":[{"order-user-item-id":"dfd6533e-858b-4179-96ef-0538ce078ba4","item":"item1","quantity":1,"price-per-item":5000,"total":5000}],"total":5000,"part-of-order":0.03,"price-to-pay":2445},{"order-user-id":"8d58790b-7834-42bf-bbd9-848920f5b9fe","user-id":"9aceb165-9d39-42be-9794-00738f1d7b83","name":"user3","order-items":[{"order-user-item-id":"58473edc-1c83-4509-ad28-19821ffdf2a7","item":"item2","quantity":2,"price-per-item":15000,"total":30000},{"order-user-item-id":"99e6f4f7-e11f-42cf-bd6e-84d230461b33","item":"item3","quantity":3,"price-per-item":20000,"total":60000},{"order-user-item-id":"e6cb4eed-a472-4630-bd13-4f2a146580f2","item":"item1","quantity":1,"price-per-item":10000,"total":10000}],"total":100000,"part-of-order":0.66,"price-to-pay":53790}]}}},"message":null,"time_taken":"12.9691ms"}
INFO:  2024/07/03 05:42:24 c:/go/src/circle-fiber/app/pkg/delivery/middleware/logging-api-detail.go:37: {"hostname":"DANS-W20230097","url":"/circle/order/update/6afa9fcf-36db-4e3b-ade5-51a00a6a7923","method":"PUT","headers":{"transaction-id":"P-1719960136-dcc4358a-0087-4849-ae2b-ab7be0ca5c41","api-key":"AshJ/v@!41","channel-id":"CH001"},"request":{"path-params":[{"key":"id","value":"6afa9fcf-36db-4e3b-ade5-51a00a6a7923"}],"body":{"new_order_title":"New Order Title","order_additional_costs":[{"cost":13000,"id":"34e5bbcc-0b0d-4b0b-9f62-7d09d71115fc","type":"Handle and Delivery Fee"}],"order_discounts":[{"cost":55000,"id":"1423347c-9482-40a3-a78b-a64e6c745aa6","type":"Discount Regular"}],"order_user_items":[{"id":"84cc5db6-4626-4f24-9925-8770be143e68","item":"New Item2","price_per_item":7500,"quantity":5}],"updated_by":"admin"}},"response":{"transaction-id":"P-1719960136-dcc4358a-0087-4849-ae2b-ab7be0ca5c41","channel-id":"CH001","status":{"code":200,"message":"Success"}},"message":null,"time_taken":"8.2590778s"}
INFO:  2024/07/03 05:42:29 c:/go/src/circle-fiber/app/pkg/delivery/middleware/logging-api-detail.go:37: {"hostname":"DANS-W20230097","url":"/circle/order/get/bill/6afa9fcf-36db-4e3b-ade5-51a00a6a7923","method":"GET","headers":{"transaction-id":"P-1719960149-1029a88e-fde2-4cb1-8b6e-5910ae043fdf","api-key":"AshJ/v@!41","channel-id":"CH001"},"request":{"path-params":[{"key":"id","value":"6afa9fcf-36db-4e3b-ade5-51a00a6a7923"}]},"response":{"transaction-id":"P-1719960149-1029a88e-fde2-4cb1-8b6e-5910ae043fdf","channel-id":"CH001","status":{"code":200,"message":"Success"},"data":{"bill":{"created-by":"Fitri","order-main":{"order-main-id":"6afa9fcf-36db-4e3b-ade5-51a00a6a7923","order-title":"New Order Title","total":152500,"additional-and-discounts":{"additional":[{"additional-id":"34e5bbcc-0b0d-4b0b-9f62-7d09d71115fc","type":"Handle and Delivery Fee","cost":13000}],"discounts":[{"discount-id":"1423347c-9482-40a3-a78b-a64e6c745aa6","type":"Discount Regular","cost":55000},{"discount-id":"1b27ea48-c956-49f0-b97f-2f5557d5e3a7","type":"Discount plus","cost":12000}]},"total-payment":98500},"order-users":[{"order-user-id":"1896a0fd-2cc8-4c76-9e5e-06a964c4c387","user-id":"b0c5bfe1-0e42-4f40-a8f2-549ae984a833","name":"user2","order-items":[{"order-user-item-id":"84cc5db6-4626-4f24-9925-8770be143e68","item":"New Item2","quantity":5,"price-per-item":7500,"total":37500},{"order-user-item-id":"a069d946-da08-401c-8b45-6c14f989d7ee","item":"item1","quantity":1,"price-per-item":10000,"total":10000}],"total":47500,"part-of-order":0.31,"price-to-pay":30535},{"order-user-id":"8751aa7c-9ff4-4545-ad02-a13da950d25a","user-id":"84211121-d042-4e86-a509-7dcadfd08a29","name":"user1","order-items":[{"order-user-item-id":"dfd6533e-858b-4179-96ef-0538ce078ba4","item":"item1","quantity":1,"price-per-item":5000,"total":5000}],"total":5000,"part-of-order":0.03,"price-to-pay":2955},{"order-user-id":"8d58790b-7834-42bf-bbd9-848920f5b9fe","user-id":"9aceb165-9d39-42be-9794-00738f1d7b83","name":"user3","order-items":[{"order-user-item-id":"58473edc-1c83-4509-ad28-19821ffdf2a7","item":"item2","quantity":2,"price-per-item":15000,"total":30000},{"order-user-item-id":"99e6f4f7-e11f-42cf-bd6e-84d230461b33","item":"item3","quantity":3,"price-per-item":20000,"total":60000},{"order-user-item-id":"e6cb4eed-a472-4630-bd13-4f2a146580f2","item":"item1","quantity":1,"price-per-item":10000,"total":10000}],"total":100000,"part-of-order":0.66,"price-to-pay":65010}]}}},"message":null,"time_taken":"10.8789ms"}
